#
# A fatal error has been detected by the Java Runtime Environment:
#
#  EXCEPTION_ACCESS_VIOLATION (0xc0000005) at pc=0x000001f123b81b20, pid=11088, tid=3056
#
# JRE version: OpenJDK Runtime Environment (11.0.13) (build 11.0.13+0-b1751.21-8125866)
# Java VM: OpenJDK 64-Bit Server VM (11.0.13+0-b1751.21-8125866, mixed mode, tiered, compressed oops, g1 gc, windows-amd64)
# Problematic frame:
# C  0x000001f123b81b20
#
# No core dump will be written. Minidumps are not enabled by default on client versions of Windows
#
# If you would like to submit a bug report, please visit:
#   https://bugreport.java.com/bugreport/crash.jsp
#

---------------  S U M M A R Y ------------

Command Line: --add-opens=java.base/java.util=ALL-UNNAMED --add-opens=java.base/java.lang=ALL-UNNAMED --add-opens=java.base/java.lang.invoke=ALL-UNNAMED --add-opens=java.base/java.util=ALL-UNNAMED --add-opens=java.prefs/java.util.prefs=ALL-UNNAMED --add-opens=java.prefs/java.util.prefs=ALL-UNNAMED --add-opens=java.base/java.nio.charset=ALL-UNNAMED --add-opens=java.base/java.net=ALL-UNNAMED --add-opens=java.base/java.util.concurrent.atomic=ALL-UNNAMED -Xmx2048m -Dfile.encoding=UTF-8 -Duser.country=US -Duser.language=en -Duser.variant org.gradle.launcher.daemon.bootstrap.GradleDaemon 7.4

Host: Intel(R) Core(TM) i5-2450M CPU @ 2.50GHz, 4 cores, 7G,  Windows 10 , 64 bit Build 19041 (10.0.19041.1889)
Time: Sun Oct  9 19:01:04 2022 India Standard Time elapsed time: 87.233107 seconds (0d 0h 1m 27s)

---------------  T H R E A D  ---------------

Current thread (0x000001f126e51000):  JavaThread "Unconstrained build operations" [_thread_in_Java, id=3056, stack(0x000000dc07800000,0x000000dc07900000)]

Stack: [0x000000dc07800000,0x000000dc07900000],  sp=0x000000dc078fe168,  free space=1016k
Native frames: (J=compiled Java code, j=interpreted, Vv=VM code, C=native code)
C  0x000001f123b81b20


siginfo: EXCEPTION_ACCESS_VIOLATION (0xc0000005), data execution prevention violation at address 0x000001f123b81b20


Register to memory mapping:

RIP=0x000001f123b81b20 points into unknown readable memory: 0x656d9ed4ffff000a | 0a 00 ff ff d4 9e 6d 65
RAX=0x00000000851e77f0 is an oop: java.lang.invoke.DirectMethodHandle 
{0x00000000851e77f0} - klass: 'java/lang/invoke/DirectMethodHandle'
RBX=0x000001f124068c20 is pointing into metadata
RCX=0x000001f130f49f88 is pointing into metadata
RDX=0x0 is NULL
RSP=0x000000dc078fe168 is pointing into the stack for thread: 0x000001f126e51000
RBP=0x000000dc078fe1d8 is pointing into the stack for thread: 0x000001f126e51000
RSI=0x00000000899411f8 is an oop: com.google.common.collect.ImmutableSet$RegularSetBuilderImpl 
{0x00000000899411f8} - klass: 'com/google/common/collect/ImmutableSet$RegularSetBuilderImpl'
RDI=0x0 is NULL
R8 =0x000001f11cefca08 points into unknown readable memory: 0x2020202020202020 | 20 20 20 20 20 20 20 20
R9 =0x0000000000000008 is an unknown value
R10=0x00007ff9b9895db0 jvm.dll
R11=0x000001f114f69ba0 is at entry_point+0 in (nmethod*)0x000001f114f69a10
R12=0x0 is NULL
R13=0x000000dc078fe170 is pointing into the stack for thread: 0x000001f126e51000
R14=0x000000dc078fe1f0 is pointing into the stack for thread: 0x000001f126e51000
R15=0x000001f126e51000 is a thread


Registers:
RAX=0x00000000851e77f0, RBX=0x000001f124068c20, RCX=0x000001f130f49f88, RDX=0x0000000000000000
RSP=0x000000dc078fe168, RBP=0x000000dc078fe1d8, RSI=0x00000000899411f8, RDI=0x0000000000000000
R8 =0x000001f11cefca08, R9 =0x0000000000000008, R10=0x00007ff9b9895db0, R11=0x000001f114f69ba0
R12=0x0000000000000000, R13=0x000000dc078fe170, R14=0x000000dc078fe1f0, R15=0x000001f126e51000
RIP=0x000001f123b81b20, EFLAGS=0x0000000000010246

Top of Stack: (sp=0x000000dc078fe168)
0x000000dc078fe168:   000001f10d49a3ec 00000000851e77f0
0x000000dc078fe178:   0000000083600000 0000000081663988
0x000000dc078fe188:   0000000089941128 000000dc078fe190
0x000000dc078fe198:   000001f130f484a4 000000dc078fe1f0
0x000000dc078fe1a8:   000001f130f49f88 0000000000000000
0x000000dc078fe1b8:   0000000085c61878 000001f130f48518
0x000000dc078fe1c8:   000000dc078fe170 000000dc078fe1e8
0x000000dc078fe1d8:   000000dc078fe240 000001f10d49a4c3
0x000000dc078fe1e8:   0000000089941128 0000000089940fc0
0x000000dc078fe1f8:   000000dc078fe1f8 000001f130f46992
0x000000dc078fe208:   000000dc078fe260 000001f130f4a7a0
0x000000dc078fe218:   0000000000000000 00000000851e5c60
0x000000dc078fe228:   000001f130f46a00 000000dc078fe1e8
0x000000dc078fe238:   000000dc078fe258 000000dc078fe2b0
0x000000dc078fe248:   000001f10d49a508 0000000000000000
0x000000dc078fe258:   0000000089941128 0000000089940fc0 

Instructions: (pc=0x000001f123b81b20)
0x000001f123b81a20:   4d 65 6d 62 65 72 4e 61 6d 65 3b 4c 6a 61 76 61
0x000001f123b81a30:   2f 6c 61 6e 67 2f 43 6c 61 73 73 3b 29 56 00 00
0x000001f123b81a40:   22 00 ff ff ba 2e 6a 61 76 61 2f 6c 61 6e 67 2f
0x000001f123b81a50:   69 6e 76 6f 6b 65 2f 42 6f 75 6e 64 4d 65 74 68
0x000001f123b81a60:   6f 64 48 61 6e 64 6c 65 0d 00 ff ff 44 c7 6d 61
0x000001f123b81a70:   6b 65 52 65 69 6e 76 6f 6b 65 72 00 00 00 00 00
0x000001f123b81a80:   45 00 ff ff a0 6a 28 4c 6a 61 76 61 2f 6c 61 6e
0x000001f123b81a90:   67 2f 69 6e 76 6f 6b 65 2f 4d 65 74 68 6f 64 48
0x000001f123b81aa0:   61 6e 64 6c 65 3b 29 4c 6a 61 76 61 2f 6c 61 6e
0x000001f123b81ab0:   67 2f 69 6e 76 6f 6b 65 2f 42 6f 75 6e 64 4d 65
0x000001f123b81ac0:   74 68 6f 64 48 61 6e 64 6c 65 3b 00 00 00 00 00
0x000001f123b81ad0:   0b 00 ff ff e2 61 69 73 49 6e 76 6f 63 61 62 6c
0x000001f123b81ae0:   65 00 00 00 00 00 00 00 11 00 ff ff 21 63 67 65
0x000001f123b81af0:   74 49 6e 76 6f 63 61 74 69 6f 6e 54 79 70 65 00
0x000001f123b81b00:   14 00 ff ff a4 0d 69 73 4d 65 74 68 6f 64 48 61
0x000001f123b81b10:   6e 64 6c 65 49 6e 76 6f 6b 65 00 00 00 00 00 00
0x000001f123b81b20:   0a 00 ff ff d4 9e 6d 65 74 68 6f 64 54 79 70 65
0x000001f123b81b30:   12 00 ff ff c2 a7 64 72 6f 70 50 61 72 61 6d 65
0x000001f123b81b40:   74 65 72 54 79 70 65 73 21 00 ff ff 1b dd 28 49
0x000001f123b81b50:   49 29 4c 6a 61 76 61 2f 6c 61 6e 67 2f 69 6e 76
0x000001f123b81b60:   6f 6b 65 2f 4d 65 74 68 6f 64 54 79 70 65 3b 00
0x000001f123b81b70:   06 00 ff ff 58 34 61 73 4c 69 73 74 00 00 00 00
0x000001f123b81b80:   25 00 ff ff fb a1 28 5b 4c 6a 61 76 61 2f 6c 61
0x000001f123b81b90:   6e 67 2f 4f 62 6a 65 63 74 3b 29 4c 6a 61 76 61
0x000001f123b81ba0:   2f 75 74 69 6c 2f 4c 69 73 74 3b 00 00 00 00 00
0x000001f123b81bb0:   23 00 ff ff 51 98 28 29 4c 6a 61 76 61 2f 6c 61
0x000001f123b81bc0:   6e 67 2f 69 6e 76 6f 6b 65 2f 4d 65 74 68 6f 64
0x000001f123b81bd0:   54 79 70 65 46 6f 72 6d 3b 00 00 00 00 00 00 00
0x000001f123b81be0:   10 00 ff ff d1 fa 63 61 63 68 65 64 4c 61 6d 62
0x000001f123b81bf0:   64 61 46 6f 72 6d 00 00 20 00 ff ff 59 ec 28 49
0x000001f123b81c00:   29 4c 6a 61 76 61 2f 6c 61 6e 67 2f 69 6e 76 6f
0x000001f123b81c10:   6b 65 2f 4c 61 6d 62 64 61 46 6f 72 6d 3b 00 00 


Stack slot to memory mapping:
stack at sp + 0 slots: 0x000001f10d49a3ec is at code_begin+2092 in an Interpreter codelet
invoke return entry points  [0x000001f10d499bc0, 0x000001f10d49a5a0]  2528 bytes
stack at sp + 1 slots: 0x00000000851e77f0 is an oop: java.lang.invoke.DirectMethodHandle 
{0x00000000851e77f0} - klass: 'java/lang/invoke/DirectMethodHandle'
stack at sp + 2 slots: 0x0000000083600000 is an oop: org.gradle.api.internal.artifacts.transform.DefaultTransformer 
{0x0000000083600000} - klass: 'org/gradle/api/internal/artifacts/transform/DefaultTransformer'
stack at sp + 3 slots: 0x0000000081663988 is an oop: java.lang.String 
{0x0000000081663988} - klass: 'java/lang/String'
stack at sp + 4 slots: 0x0000000089941128 is an oop: org.gradle.internal.execution.fingerprint.impl.DefaultInputFingerprinter$InputCollectingVisitor 
{0x0000000089941128} - klass: 'org/gradle/internal/execution/fingerprint/impl/DefaultInputFingerprinter$InputCollectingVisitor'
stack at sp + 5 slots: 0x000000dc078fe190 is pointing into the stack for thread: 0x000001f126e51000
stack at sp + 6 slots: 0x000001f130f484a4 is pointing into metadata
stack at sp + 7 slots: 0x000000dc078fe1f0 is pointing into the stack for thread: 0x000001f126e51000


---------------  P R O C E S S  ---------------

Threads class SMR info:
_java_thread_list=0x000001f12c622920, length=85, elements={
0x000001f108161000, 0x000001f123c9f000, 0x000001f123caa800, 0x000001f123cbb800,
0x000001f123cbc800, 0x000001f123cbe800, 0x000001f123cc9800, 0x000001f123cd0000,
0x000001f123cd4000, 0x000001f124773000, 0x000001f12678c000, 0x000001f124bba000,
0x000001f1264af800, 0x000001f125c10800, 0x000001f12564a800, 0x000001f126829000,
0x000001f126426800, 0x000001f124ebd800, 0x000001f12556c800, 0x000001f125595800,
0x000001f125592000, 0x000001f125593000, 0x000001f125593800, 0x000001f125594800,
0x000001f125596000, 0x000001f125597000, 0x000001f125591000, 0x000001f125598000,
0x000001f126e4b000, 0x000001f126e4c000, 0x000001f126e4a800, 0x000001f126e51800,
0x000001f126e52800, 0x000001f126e4c800, 0x000001f126e50000, 0x000001f126e51000,
0x000001f126e4d800, 0x000001f126e53000, 0x000001f126e54000, 0x000001f126e4e800,
0x000001f126e59000, 0x000001f126e55000, 0x000001f126e55800, 0x000001f126e56800,
0x000001f126e57800, 0x000001f126e58000, 0x000001f128b0a000, 0x000001f128b0b000,
0x000001f128b0c000, 0x000001f128b0c800, 0x000001f128b0d800, 0x000001f128b09800,
0x000001f128b08000, 0x000001f128b0e800, 0x000001f128b08800, 0x000001f128b12800,
0x000001f128b10000, 0x000001f128b13000, 0x000001f128b0f000, 0x000001f128b11000,
0x000001f128b15000, 0x000001f128b14000, 0x000001f128b15800, 0x000001f128b16800,
0x000001f128b11800, 0x000001f1259a6000, 0x000001f1259a4000, 0x000001f1259a6800,
0x000001f1259a7800, 0x000001f1259a8800, 0x000001f1259a9000, 0x000001f1259a3800,
0x000001f1259a5000, 0x000001f1259aa000, 0x000001f1272ec000, 0x000001f1272e8000,
0x000001f1272e8800, 0x000001f1272e9800, 0x000001f1272e7000, 0x000001f1272ed800,
0x000001f1272ed000, 0x000001f1272ea800, 0x000001f1272eb000, 0x000001f126d80800,
0x000001f126d81000
}

Java Threads: ( => current thread )
  0x000001f108161000 JavaThread "main" [_thread_blocked, id=11204, stack(0x000000dc04800000,0x000000dc04900000)]
  0x000001f123c9f000 JavaThread "Reference Handler" daemon [_thread_blocked, id=10252, stack(0x000000dc04f00000,0x000000dc05000000)]
  0x000001f123caa800 JavaThread "Finalizer" daemon [_thread_blocked, id=10248, stack(0x000000dc05000000,0x000000dc05100000)]
  0x000001f123cbb800 JavaThread "Signal Dispatcher" daemon [_thread_blocked, id=10264, stack(0x000000dc05100000,0x000000dc05200000)]
  0x000001f123cbc800 JavaThread "Attach Listener" daemon [_thread_blocked, id=7944, stack(0x000000dc05200000,0x000000dc05300000)]
  0x000001f123cbe800 JavaThread "Service Thread" daemon [_thread_blocked, id=1204, stack(0x000000dc05300000,0x000000dc05400000)]
  0x000001f123cc9800 JavaThread "C2 CompilerThread0" daemon [_thread_in_native, id=1016, stack(0x000000dc05400000,0x000000dc05500000)]
  0x000001f123cd0000 JavaThread "C1 CompilerThread0" daemon [_thread_blocked, id=4828, stack(0x000000dc05500000,0x000000dc05600000)]
  0x000001f123cd4000 JavaThread "Sweeper thread" daemon [_thread_blocked, id=4512, stack(0x000000dc05600000,0x000000dc05700000)]
  0x000001f124773000 JavaThread "Common-Cleaner" daemon [_thread_blocked, id=10292, stack(0x000000dc05700000,0x000000dc05800000)]
  0x000001f12678c000 JavaThread "Daemon health stats" [_thread_blocked, id=4572, stack(0x000000dc05c00000,0x000000dc05d00000)]
  0x000001f124bba000 JavaThread "Incoming local TCP Connector on port 62583" [_thread_in_native, id=9856, stack(0x000000dc05b00000,0x000000dc05c00000)]
  0x000001f1264af800 JavaThread "Daemon periodic checks" [_thread_blocked, id=824, stack(0x000000dc05d00000,0x000000dc05e00000)]
  0x000001f125c10800 JavaThread "Daemon" [_thread_blocked, id=9464, stack(0x000000dc05e00000,0x000000dc05f00000)]
  0x000001f12564a800 JavaThread "Handler for socket connection from /127.0.0.1:62583 to /127.0.0.1:62584" [_thread_in_native, id=3472, stack(0x000000dc05f00000,0x000000dc06000000)]
  0x000001f126829000 JavaThread "Cancel handler" [_thread_blocked, id=9860, stack(0x000000dc06000000,0x000000dc06100000)]
  0x000001f126426800 JavaThread "Daemon worker" [_thread_blocked, id=908, stack(0x000000dc06100000,0x000000dc06200000)]
  0x000001f124ebd800 JavaThread "Asynchronous log dispatcher for DefaultDaemonConnection: socket connection from /127.0.0.1:62583 to /127.0.0.1:62584" [_thread_blocked, id=852, stack(0x000000dc06200000,0x000000dc06300000)]
  0x000001f12556c800 JavaThread "Daemon client event forwarder" [_thread_blocked, id=6856, stack(0x000000dc06400000,0x000000dc06500000)]
  0x000001f125595800 JavaThread "Cache worker for journal cache (C:\Users\Naveen Patidar\.gradle\caches\journal-1)" [_thread_blocked, id=9564, stack(0x000000dc06600000,0x000000dc06700000)]
  0x000001f125592000 JavaThread "File lock request listener" [_thread_in_native, id=4348, stack(0x000000dc06700000,0x000000dc06800000)]
  0x000001f125593000 JavaThread "Cache worker for file hash cache (C:\Users\Naveen Patidar\.gradle\caches\7.4\fileHashes)" [_thread_in_native, id=8860, stack(0x000000dc06800000,0x000000dc06900000)]
  0x000001f125593800 JavaThread "File watcher server" daemon [_thread_in_native, id=7096, stack(0x000000dc06900000,0x000000dc06a00000)]
  0x000001f125594800 JavaThread "File watcher consumer" daemon [_thread_blocked, id=10308, stack(0x000000dc06a00000,0x000000dc06b00000)]
  0x000001f125596000 JavaThread "Cache worker for checksums cache (C:\Users\Naveen Patidar\AndroidStudioProjects\G2CAPP\.gradle\7.4\checksums)" [_thread_blocked, id=7908, stack(0x000000dc06b00000,0x000000dc06c00000)]
  0x000001f125597000 JavaThread "Cache worker for cache directory md-rule (C:\Users\Naveen Patidar\.gradle\caches\7.4\md-rule)" [_thread_blocked, id=9808, stack(0x000000dc06c00000,0x000000dc06d00000)]
  0x000001f125591000 JavaThread "Cache worker for file hash cache (C:\Users\Naveen Patidar\AndroidStudioProjects\G2CAPP\.gradle\7.4\fileHashes)" [_thread_blocked, id=2944, stack(0x000000dc06d00000,0x000000dc06e00000)]
  0x000001f125598000 JavaThread "Cache worker for cache directory md-supplier (C:\Users\Naveen Patidar\.gradle\caches\7.4\md-supplier)" [_thread_blocked, id=8628, stack(0x000000dc06e00000,0x000000dc06f00000)]
  0x000001f126e4b000 JavaThread "Cache worker for execution history cache (C:\Users\Naveen Patidar\.gradle\caches\7.4\executionHistory)" [_thread_in_native, id=8696, stack(0x000000dc07000000,0x000000dc07100000)]
  0x000001f126e4c000 JavaThread "jar transforms" [_thread_blocked, id=10368, stack(0x000000dc04500000,0x000000dc04600000)]
  0x000001f126e4a800 JavaThread "Cache worker for file content cache (C:\Users\Naveen Patidar\.gradle\caches\7.4\fileContent)" [_thread_blocked, id=9524, stack(0x000000dc07100000,0x000000dc07200000)]
  0x000001f126e51800 JavaThread "jar transforms Thread 2" [_thread_blocked, id=2232, stack(0x000000dc06f00000,0x000000dc07000000)]
  0x000001f126e52800 JavaThread "Cache worker for dependencies-accessors (C:\Users\Naveen Patidar\AndroidStudioProjects\G2CAPP\.gradle\7.4\dependencies-accessors)" [_thread_blocked, id=6836, stack(0x000000dc07300000,0x000000dc07400000)]
  0x000001f126e4c800 JavaThread "jar transforms Thread 3" [_thread_blocked, id=1840, stack(0x000000dc07400000,0x000000dc07500000)]
  0x000001f126e50000 JavaThread "Cache worker for Build Output Cleanup Cache (C:\Users\Naveen Patidar\AndroidStudioProjects\G2CAPP\.gradle\buildOutputCleanup)" [_thread_blocked, id=2160, stack(0x000000dc07200000,0x000000dc07300000)]
=>0x000001f126e51000 JavaThread "Unconstrained build operations" [_thread_in_Java, id=3056, stack(0x000000dc07800000,0x000000dc07900000)]
  0x000001f126e4d800 JavaThread "Unconstrained build operations Thread 2" [_thread_blocked, id=10484, stack(0x000000dc07900000,0x000000dc07a00000)]
  0x000001f126e53000 JavaThread "Unconstrained build operations Thread 3" [_thread_blocked, id=10480, stack(0x000000dc07a00000,0x000000dc07b00000)]
  0x000001f126e54000 JavaThread "Unconstrained build operations Thread 4" [_thread_blocked, id=10476, stack(0x000000dc07b00000,0x000000dc07c00000)]
  0x000001f126e4e800 JavaThread "Unconstrained build operations Thread 5" [_thread_blocked, id=10472, stack(0x000000dc07c00000,0x000000dc07d00000)]
  0x000001f126e59000 JavaThread "Unconstrained build operations Thread 6" [_thread_blocked, id=10468, stack(0x000000dc07d00000,0x000000dc07e00000)]
  0x000001f126e55000 JavaThread "Unconstrained build operations Thread 7" [_thread_blocked, id=10448, stack(0x000000dc07e00000,0x000000dc07f00000)]
  0x000001f126e55800 JavaThread "Unconstrained build operations Thread 8" [_thread_blocked, id=8296, stack(0x000000dc07f00000,0x000000dc08000000)]
  0x000001f126e56800 JavaThread "Unconstrained build operations Thread 9" [_thread_blocked, id=9492, stack(0x000000dc08000000,0x000000dc08100000)]
  0x000001f126e57800 JavaThread "Unconstrained build operations Thread 10" [_thread_blocked, id=8912, stack(0x000000dc08100000,0x000000dc08200000)]
  0x000001f126e58000 JavaThread "Unconstrained build operations Thread 11" [_thread_blocked, id=9036, stack(0x000000dc08200000,0x000000dc08300000)]
  0x000001f128b0a000 JavaThread "Unconstrained build operations Thread 12" [_thread_blocked, id=2568, stack(0x000000dc08300000,0x000000dc08400000)]
  0x000001f128b0b000 JavaThread "Unconstrained build operations Thread 13" [_thread_blocked, id=5612, stack(0x000000dc08400000,0x000000dc08500000)]
  0x000001f128b0c000 JavaThread "Unconstrained build operations Thread 14" [_thread_blocked, id=3540, stack(0x000000dc08500000,0x000000dc08600000)]
  0x000001f128b0c800 JavaThread "Unconstrained build operations Thread 15" [_thread_blocked, id=2836, stack(0x000000dc08600000,0x000000dc08700000)]
  0x000001f128b0d800 JavaThread "Unconstrained build operations Thread 16" [_thread_blocked, id=9880, stack(0x000000dc08700000,0x000000dc08800000)]
  0x000001f128b09800 JavaThread "Unconstrained build operations Thread 17" [_thread_blocked, id=10504, stack(0x000000dc08800000,0x000000dc08900000)]
  0x000001f128b08000 JavaThread "Unconstrained build operations Thread 18" [_thread_blocked, id=10456, stack(0x000000dc08900000,0x000000dc08a00000)]
  0x000001f128b0e800 JavaThread "Unconstrained build operations Thread 19" [_thread_blocked, id=4712, stack(0x000000dc08a00000,0x000000dc08b00000)]
  0x000001f128b08800 JavaThread "Unconstrained build operations Thread 20" [_thread_blocked, id=10556, stack(0x000000dc08b00000,0x000000dc08c00000)]
  0x000001f128b12800 JavaThread "Unconstrained build operations Thread 21" [_thread_blocked, id=8656, stack(0x000000dc08c00000,0x000000dc08d00000)]
  0x000001f128b10000 JavaThread "Unconstrained build operations Thread 22" [_thread_blocked, id=10540, stack(0x000000dc08d00000,0x000000dc08e00000)]
  0x000001f128b13000 JavaThread "Unconstrained build operations Thread 23" [_thread_blocked, id=6992, stack(0x000000dc08e00000,0x000000dc08f00000)]
  0x000001f128b0f000 JavaThread "Unconstrained build operations Thread 24" [_thread_blocked, id=3780, stack(0x000000dc08f00000,0x000000dc09000000)]
  0x000001f128b11000 JavaThread "Unconstrained build operations Thread 25" [_thread_blocked, id=2660, stack(0x000000dc09000000,0x000000dc09100000)]
  0x000001f128b15000 JavaThread "Unconstrained build operations Thread 26" [_thread_blocked, id=492, stack(0x000000dc09100000,0x000000dc09200000)]
  0x000001f128b14000 JavaThread "Unconstrained build operations Thread 27" [_thread_blocked, id=4136, stack(0x000000dc09200000,0x000000dc09300000)]
  0x000001f128b15800 JavaThread "Unconstrained build operations Thread 28" [_thread_blocked, id=9696, stack(0x000000dc09300000,0x000000dc09400000)]
  0x000001f128b16800 JavaThread "Unconstrained build operations Thread 29" [_thread_blocked, id=7076, stack(0x000000dc09400000,0x000000dc09500000)]
  0x000001f128b11800 JavaThread "Unconstrained build operations Thread 30" [_thread_blocked, id=3824, stack(0x000000dc09500000,0x000000dc09600000)]
  0x000001f1259a6000 JavaThread "Unconstrained build operations Thread 31" [_thread_blocked, id=8388, stack(0x000000dc09600000,0x000000dc09700000)]
  0x000001f1259a4000 JavaThread "Unconstrained build operations Thread 32" [_thread_blocked, id=4560, stack(0x000000dc09700000,0x000000dc09800000)]
  0x000001f1259a6800 JavaThread "Unconstrained build operations Thread 33" [_thread_blocked, id=7756, stack(0x000000dc09800000,0x000000dc09900000)]
  0x000001f1259a7800 JavaThread "Unconstrained build operations Thread 34" [_thread_blocked, id=1892, stack(0x000000dc09900000,0x000000dc09a00000)]
  0x000001f1259a8800 JavaThread "Unconstrained build operations Thread 35" [_thread_blocked, id=9812, stack(0x000000dc09a00000,0x000000dc09b00000)]
  0x000001f1259a9000 JavaThread "Unconstrained build operations Thread 36" [_thread_blocked, id=8488, stack(0x000000dc09b00000,0x000000dc09c00000)]
  0x000001f1259a3800 JavaThread "Unconstrained build operations Thread 37" [_thread_blocked, id=1980, stack(0x000000dc09c00000,0x000000dc09d00000)]
  0x000001f1259a5000 JavaThread "Unconstrained build operations Thread 38" [_thread_blocked, id=5564, stack(0x000000dc09d00000,0x000000dc09e00000)]
  0x000001f1259aa000 JavaThread "Unconstrained build operations Thread 39" [_thread_blocked, id=7668, stack(0x000000dc09e00000,0x000000dc09f00000)]
  0x000001f1272ec000 JavaThread "Unconstrained build operations Thread 40" [_thread_blocked, id=3548, stack(0x000000dc09f00000,0x000000dc0a000000)]
  0x000001f1272e8000 JavaThread "jar transforms Thread 4" [_thread_blocked, id=3868, stack(0x000000dc07700000,0x000000dc07800000)]
  0x000001f1272e8800 JavaThread "Memory manager" [_thread_blocked, id=10612, stack(0x000000dc0a100000,0x000000dc0a200000)]
  0x000001f1272e9800 JavaThread "build event listener" [_thread_blocked, id=10804, stack(0x000000dc04700000,0x000000dc04800000)]
  0x000001f1272e7000 JavaThread "pool-3-thread-1" [_thread_blocked, id=8368, stack(0x000000dc06300000,0x000000dc06400000)]
  0x000001f1272ed800 JavaThread "build event listener" [_thread_blocked, id=10832, stack(0x000000dc0a000000,0x000000dc0a100000)]
  0x000001f1272ed000 JavaThread "included builds" [_thread_blocked, id=10844, stack(0x000000dc04600000,0x000000dc04700000)]
  0x000001f1272ea800 JavaThread "Execution worker for ':'" [_thread_blocked, id=10760, stack(0x000000dc0a200000,0x000000dc0a300000)]
  0x000001f1272eb000 JavaThread "Execution worker for ':' Thread 2" [_thread_blocked, id=10764, stack(0x000000dc0a300000,0x000000dc0a400000)]
  0x000001f126d80800 JavaThread "Execution worker for ':' Thread 3" [_thread_blocked, id=10752, stack(0x000000dc0a400000,0x000000dc0a500000)]
  0x000001f126d81000 JavaThread "Cache worker for execution history cache (C:\Users\Naveen Patidar\AndroidStudioProjects\G2CAPP\.gradle\7.4\executionHistory)" [_thread_blocked, id=10848, stack(0x000000dc0a500000,0x000000dc0a600000)]

Other Threads:
  0x000001f123c9b000 VMThread "VM Thread" [stack: 0x000000dc04e00000,0x000000dc04f00000] [id=11260]
  0x000001f12478d800 WatcherThread [stack: 0x000000dc05800000,0x000000dc05900000] [id=10288]
  0x000001f108178800 GCTaskThread "GC Thread#0" [stack: 0x000000dc04900000,0x000000dc04a00000] [id=11232]
  0x000001f124e1b800 GCTaskThread "GC Thread#1" [stack: 0x000000dc05900000,0x000000dc05a00000] [id=10260]
  0x000001f124fc7000 GCTaskThread "GC Thread#2" [stack: 0x000000dc05a00000,0x000000dc05b00000] [id=10280]
  0x000001f126de0800 GCTaskThread "GC Thread#3" [stack: 0x000000dc06500000,0x000000dc06600000] [id=9276]
  0x000001f1081ab000 ConcurrentGCThread "G1 Main Marker" [stack: 0x000000dc04a00000,0x000000dc04b00000] [id=11236]
  0x000001f1081ac000 ConcurrentGCThread "G1 Conc#0" [stack: 0x000000dc04b00000,0x000000dc04c00000] [id=11240]
  0x000001f10823a800 ConcurrentGCThread "G1 Refine#0" [stack: 0x000000dc04c00000,0x000000dc04d00000] [id=11244]
  0x000001f10823b800 ConcurrentGCThread "G1 Young RemSet Sampling" [stack: 0x000000dc04d00000,0x000000dc04e00000] [id=11248]

Threads with active compile tasks:
C2 CompilerThread0  87557 8757   !   4       com.google.common.collect.MapMakerInternalMap$Segment::put (298 bytes)

VM state:not at safepoint (normal execution)

VM Mutex/Monitor currently owned by a thread: None

Heap address: 0x0000000080000000, size: 2048 MB, Compressed Oops mode: 32-bit
Narrow klass base: 0x0000000000000000, Narrow klass shift: 3
Compressed class space size: 1073741824 Address: 0x0000000100000000

Heap:
 garbage-first heap   total 157696K, used 71927K [0x0000000080000000, 0x0000000100000000)
  region size 1024K, 13 young (13312K), 9 survivors (9216K)
 Metaspace       used 84592K, capacity 86650K, committed 86864K, reserved 1124352K
  class space    used 10900K, capacity 11678K, committed 11776K, reserved 1048576K
Heap Regions: E=young(eden), S=young(survivor), O=old, HS=humongous(starts), HC=humongous(continues), CS=collection set, F=free, A=archive, TAMS=top-at-mark-start (previous, next)
|   0|0x0000000080000000, 0x0000000080100000, 0x0000000080100000|100%|HS|  |TAMS 0x0000000080100000, 0x0000000080000000| Complete 
|   1|0x0000000080100000, 0x0000000080200000, 0x0000000080200000|100%|HC|  |TAMS 0x0000000080200000, 0x0000000080100000| Complete 
|   2|0x0000000080200000, 0x0000000080300000, 0x0000000080300000|100%|HC|  |TAMS 0x0000000080300000, 0x0000000080200000| Complete 
|   3|0x0000000080300000, 0x0000000080400000, 0x0000000080400000|100%| O|  |TAMS 0x0000000080400000, 0x0000000080300000| Untracked 
|   4|0x0000000080400000, 0x0000000080500000, 0x0000000080500000|100%| O|  |TAMS 0x0000000080500000, 0x0000000080400000| Untracked 
|   5|0x0000000080500000, 0x0000000080600000, 0x0000000080600000|100%| O|  |TAMS 0x0000000080600000, 0x0000000080500000| Untracked 
|   6|0x0000000080600000, 0x0000000080700000, 0x0000000080700000|100%| O|  |TAMS 0x0000000080700000, 0x0000000080600000| Untracked 
|   7|0x0000000080700000, 0x0000000080800000, 0x0000000080800000|100%| O|  |TAMS 0x0000000080800000, 0x0000000080700000| Untracked 
|   8|0x0000000080800000, 0x0000000080900000, 0x0000000080900000|100%| O|  |TAMS 0x0000000080900000, 0x0000000080800000| Untracked 
|   9|0x0000000080900000, 0x0000000080a00000, 0x0000000080a00000|100%| O|  |TAMS 0x0000000080a00000, 0x0000000080900000| Untracked 
|  10|0x0000000080a00000, 0x0000000080b00000, 0x0000000080b00000|100%| O|  |TAMS 0x0000000080b00000, 0x0000000080a00000| Untracked 
|  11|0x0000000080b00000, 0x0000000080c00000, 0x0000000080c00000|100%| O|  |TAMS 0x0000000080c00000, 0x0000000080b00000| Untracked 
|  12|0x0000000080c00000, 0x0000000080d00000, 0x0000000080d00000|100%| O|  |TAMS 0x0000000080d00000, 0x0000000080c00000| Untracked 
|  13|0x0000000080d00000, 0x0000000080e00000, 0x0000000080e00000|100%| O|  |TAMS 0x0000000080e00000, 0x0000000080d00000| Untracked 
|  14|0x0000000080e00000, 0x0000000080f00000, 0x0000000080f00000|100%| O|  |TAMS 0x0000000080f00000, 0x0000000080e00000| Untracked 
|  15|0x0000000080f00000, 0x0000000081000000, 0x0000000081000000|100%| O|  |TAMS 0x0000000081000000, 0x0000000080f00000| Untracked 
|  16|0x0000000081000000, 0x0000000081100000, 0x0000000081100000|100%| O|  |TAMS 0x0000000081100000, 0x0000000081000000| Untracked 
|  17|0x0000000081100000, 0x0000000081200000, 0x0000000081200000|100%|HS|  |TAMS 0x0000000081200000, 0x0000000081100000| Complete 
|  18|0x0000000081200000, 0x0000000081300000, 0x0000000081300000|100%| O|  |TAMS 0x0000000081300000, 0x0000000081200000| Untracked 
|  19|0x0000000081300000, 0x0000000081400000, 0x0000000081400000|100%| O|  |TAMS 0x0000000081400000, 0x0000000081300000| Untracked 
|  20|0x0000000081400000, 0x0000000081500000, 0x0000000081500000|100%| O|  |TAMS 0x0000000081500000, 0x0000000081400000| Untracked 
|  21|0x0000000081500000, 0x0000000081600000, 0x0000000081600000|100%| O|  |TAMS 0x0000000081600000, 0x0000000081500000| Untracked 
|  22|0x0000000081600000, 0x0000000081700000, 0x0000000081700000|100%| O|  |TAMS 0x0000000081700000, 0x0000000081600000| Untracked 
|  23|0x0000000081700000, 0x0000000081800000, 0x0000000081800000|100%| O|  |TAMS 0x0000000081800000, 0x0000000081700000| Untracked 
|  24|0x0000000081800000, 0x0000000081900000, 0x0000000081900000|100%| O|  |TAMS 0x0000000081900000, 0x0000000081800000| Untracked 
|  25|0x0000000081900000, 0x0000000081a00000, 0x0000000081a00000|100%| O|  |TAMS 0x0000000081a00000, 0x0000000081900000| Untracked 
|  26|0x0000000081a00000, 0x0000000081b00000, 0x0000000081b00000|100%| O|  |TAMS 0x0000000081b00000, 0x0000000081a00000| Untracked 
|  27|0x0000000081b00000, 0x0000000081c00000, 0x0000000081c00000|100%| O|  |TAMS 0x0000000081c00000, 0x0000000081b00000| Untracked 
|  28|0x0000000081c00000, 0x0000000081d00000, 0x0000000081d00000|100%|HS|  |TAMS 0x0000000081d00000, 0x0000000081c00000| Complete 
|  29|0x0000000081d00000, 0x0000000081e00000, 0x0000000081e00000|100%| O|  |TAMS 0x0000000081e00000, 0x0000000081d00000| Untracked 
|  30|0x0000000081e00000, 0x0000000081f00000, 0x0000000081f00000|100%|HS|  |TAMS 0x0000000081f00000, 0x0000000081e00000| Complete 
|  31|0x0000000081f00000, 0x0000000082000000, 0x0000000082000000|100%|HC|  |TAMS 0x0000000082000000, 0x0000000081f00000| Complete 
|  32|0x0000000082000000, 0x0000000082100000, 0x0000000082100000|100%| O|  |TAMS 0x0000000082100000, 0x0000000082000000| Untracked 
|  33|0x0000000082100000, 0x0000000082200000, 0x0000000082200000|100%| O|  |TAMS 0x0000000082200000, 0x0000000082100000| Untracked 
|  34|0x0000000082200000, 0x0000000082300000, 0x0000000082300000|100%| O|  |TAMS 0x0000000082300000, 0x0000000082200000| Untracked 
|  35|0x0000000082300000, 0x0000000082400000, 0x0000000082400000|100%| O|  |TAMS 0x0000000082400000, 0x0000000082300000| Untracked 
|  36|0x0000000082400000, 0x0000000082500000, 0x0000000082500000|100%| O|  |TAMS 0x0000000082500000, 0x0000000082400000| Untracked 
|  37|0x0000000082500000, 0x0000000082600000, 0x0000000082600000|100%| O|  |TAMS 0x0000000082600000, 0x0000000082500000| Untracked 
|  38|0x0000000082600000, 0x0000000082700000, 0x0000000082700000|100%| O|  |TAMS 0x0000000082700000, 0x0000000082600000| Untracked 
|  39|0x0000000082700000, 0x0000000082800000, 0x0000000082800000|100%| O|  |TAMS 0x0000000082800000, 0x0000000082700000| Untracked 
|  40|0x0000000082800000, 0x0000000082900000, 0x0000000082900000|100%| O|  |TAMS 0x0000000082900000, 0x0000000082800000| Untracked 
|  41|0x0000000082900000, 0x0000000082a00000, 0x0000000082a00000|100%| O|  |TAMS 0x0000000082a00000, 0x0000000082900000| Untracked 
|  42|0x0000000082a00000, 0x0000000082b00000, 0x0000000082b00000|100%| O|  |TAMS 0x0000000082ac0c00, 0x0000000082a00000| Untracked 
|  43|0x0000000082b00000, 0x0000000082c00000, 0x0000000082c00000|100%| O|  |TAMS 0x0000000082b00000, 0x0000000082b00000| Untracked 
|  44|0x0000000082c00000, 0x0000000082d00000, 0x0000000082d00000|100%| O|  |TAMS 0x0000000082c00000, 0x0000000082c00000| Untracked 
|  45|0x0000000082d00000, 0x0000000082e00000, 0x0000000082e00000|100%| O|  |TAMS 0x0000000082d00000, 0x0000000082d00000| Untracked 
|  46|0x0000000082e00000, 0x0000000082f00000, 0x0000000082f00000|100%| O|  |TAMS 0x0000000082e00000, 0x0000000082e00000| Untracked 
|  47|0x0000000082f00000, 0x0000000083000000, 0x0000000083000000|100%| O|  |TAMS 0x0000000082f00000, 0x0000000082f00000| Untracked 
|  48|0x0000000083000000, 0x0000000083100000, 0x0000000083100000|100%| O|  |TAMS 0x0000000083000000, 0x0000000083000000| Untracked 
|  49|0x0000000083100000, 0x0000000083200000, 0x0000000083200000|100%| O|  |TAMS 0x0000000083100000, 0x0000000083100000| Untracked 
|  50|0x0000000083200000, 0x0000000083300000, 0x0000000083300000|100%| O|  |TAMS 0x0000000083200000, 0x0000000083200000| Untracked 
|  51|0x0000000083300000, 0x0000000083400000, 0x0000000083400000|100%| O|  |TAMS 0x0000000083300000, 0x0000000083300000| Untracked 
|  52|0x0000000083400000, 0x0000000083500000, 0x0000000083500000|100%| O|  |TAMS 0x0000000083400000, 0x0000000083400000| Untracked 
|  53|0x0000000083500000, 0x0000000083600000, 0x0000000083600000|100%| O|  |TAMS 0x0000000083500000, 0x0000000083500000| Untracked 
|  54|0x0000000083600000, 0x0000000083700000, 0x0000000083700000|100%| O|  |TAMS 0x0000000083600000, 0x0000000083600000| Untracked 
|  55|0x0000000083700000, 0x0000000083800000, 0x0000000083800000|100%| O|  |TAMS 0x0000000083700000, 0x0000000083700000| Untracked 
|  56|0x0000000083800000, 0x0000000083900000, 0x0000000083900000|100%| O|  |TAMS 0x0000000083800000, 0x0000000083800000| Untracked 
|  57|0x0000000083900000, 0x0000000083a00000, 0x0000000083a00000|100%| O|  |TAMS 0x0000000083900000, 0x0000000083900000| Untracked 
|  58|0x0000000083a00000, 0x0000000083a3de00, 0x0000000083b00000| 24%| O|  |TAMS 0x0000000083a00000, 0x0000000083a00000| Untracked 
|  59|0x0000000083b00000, 0x0000000083b00000, 0x0000000083c00000|  0%| F|  |TAMS 0x0000000083b00000, 0x0000000083b00000| Untracked 
|  60|0x0000000083c00000, 0x0000000083c00000, 0x0000000083d00000|  0%| F|  |TAMS 0x0000000083c00000, 0x0000000083c00000| Untracked 
|  61|0x0000000083d00000, 0x0000000083d00000, 0x0000000083e00000|  0%| F|  |TAMS 0x0000000083d00000, 0x0000000083d00000| Untracked 
|  62|0x0000000083e00000, 0x0000000083e00000, 0x0000000083f00000|  0%| F|  |TAMS 0x0000000083e00000, 0x0000000083e00000| Untracked 
|  63|0x0000000083f00000, 0x0000000083f00000, 0x0000000084000000|  0%| F|  |TAMS 0x0000000083f00000, 0x0000000083f00000| Untracked 
|  64|0x0000000084000000, 0x0000000084000000, 0x0000000084100000|  0%| F|  |TAMS 0x0000000084000000, 0x0000000084000000| Untracked 
|  65|0x0000000084100000, 0x0000000084100000, 0x0000000084200000|  0%| F|  |TAMS 0x0000000084100000, 0x0000000084100000| Untracked 
|  66|0x0000000084200000, 0x0000000084200000, 0x0000000084300000|  0%| F|  |TAMS 0x0000000084200000, 0x0000000084200000| Untracked 
|  67|0x0000000084300000, 0x0000000084300000, 0x0000000084400000|  0%| F|  |TAMS 0x0000000084300000, 0x0000000084300000| Untracked 
|  68|0x0000000084400000, 0x0000000084400000, 0x0000000084500000|  0%| F|  |TAMS 0x0000000084400000, 0x0000000084400000| Untracked 
|  69|0x0000000084500000, 0x0000000084500000, 0x0000000084600000|  0%| F|  |TAMS 0x0000000084500000, 0x0000000084500000| Untracked 
|  70|0x0000000084600000, 0x0000000084600000, 0x0000000084700000|  0%| F|  |TAMS 0x0000000084600000, 0x0000000084600000| Untracked 
|  71|0x0000000084700000, 0x0000000084700000, 0x0000000084800000|  0%| F|  |TAMS 0x0000000084700000, 0x0000000084700000| Untracked 
|  72|0x0000000084800000, 0x0000000084800000, 0x0000000084900000|  0%| F|  |TAMS 0x0000000084800000, 0x0000000084800000| Untracked 
|  73|0x0000000084900000, 0x0000000084900000, 0x0000000084a00000|  0%| F|  |TAMS 0x0000000084900000, 0x0000000084900000| Untracked 
|  74|0x0000000084a00000, 0x0000000084a00000, 0x0000000084b00000|  0%| F|  |TAMS 0x0000000084a00000, 0x0000000084a00000| Untracked 
|  75|0x0000000084b00000, 0x0000000084b00000, 0x0000000084c00000|  0%| F|  |TAMS 0x0000000084b00000, 0x0000000084b00000| Untracked 
|  76|0x0000000084c00000, 0x0000000084c00000, 0x0000000084d00000|  0%| F|  |TAMS 0x0000000084c00000, 0x0000000084c00000| Untracked 
|  77|0x0000000084d00000, 0x0000000084d00000, 0x0000000084e00000|  0%| F|  |TAMS 0x0000000084d00000, 0x0000000084d00000| Untracked 
|  78|0x0000000084e00000, 0x0000000084e00000, 0x0000000084f00000|  0%| F|  |TAMS 0x0000000084e00000, 0x0000000084e00000| Untracked 
|  79|0x0000000084f00000, 0x0000000084f00000, 0x0000000085000000|  0%| F|  |TAMS 0x0000000084f00000, 0x0000000084f00000| Untracked 
|  80|0x0000000085000000, 0x0000000085100000, 0x0000000085100000|100%| S|CS|TAMS 0x0000000085000000, 0x0000000085000000| Complete 
|  81|0x0000000085100000, 0x0000000085200000, 0x0000000085200000|100%| S|CS|TAMS 0x0000000085100000, 0x0000000085100000| Complete 
|  82|0x0000000085200000, 0x0000000085300000, 0x0000000085300000|100%| S|CS|TAMS 0x0000000085200000, 0x0000000085200000| Complete 
|  83|0x0000000085300000, 0x0000000085400000, 0x0000000085400000|100%| S|CS|TAMS 0x0000000085300000, 0x0000000085300000| Complete 
|  84|0x0000000085400000, 0x0000000085500000, 0x0000000085500000|100%| S|CS|TAMS 0x0000000085400000, 0x0000000085400000| Complete 
|  85|0x0000000085500000, 0x0000000085600000, 0x0000000085600000|100%| S|CS|TAMS 0x0000000085500000, 0x0000000085500000| Complete 
|  86|0x0000000085600000, 0x0000000085700000, 0x0000000085700000|100%| S|CS|TAMS 0x0000000085600000, 0x0000000085600000| Complete 
|  87|0x0000000085700000, 0x0000000085700000, 0x0000000085800000|  0%| F|  |TAMS 0x0000000085700000, 0x0000000085700000| Untracked 
|  88|0x0000000085800000, 0x0000000085800000, 0x0000000085900000|  0%| F|  |TAMS 0x0000000085800000, 0x0000000085800000| Untracked 
|  89|0x0000000085900000, 0x0000000085900000, 0x0000000085a00000|  0%| F|  |TAMS 0x0000000085900000, 0x0000000085900000| Untracked 
|  90|0x0000000085a00000, 0x0000000085a00000, 0x0000000085b00000|  0%| F|  |TAMS 0x0000000085a00000, 0x0000000085a00000| Untracked 
|  91|0x0000000085b00000, 0x0000000085c00000, 0x0000000085c00000|100%| S|CS|TAMS 0x0000000085b00000, 0x0000000085b00000| Complete 
|  92|0x0000000085c00000, 0x0000000085d00000, 0x0000000085d00000|100%| S|CS|TAMS 0x0000000085c00000, 0x0000000085c00000| Complete 
|  93|0x0000000085d00000, 0x0000000085d00000, 0x0000000085e00000|  0%| F|  |TAMS 0x0000000085d00000, 0x0000000085d00000| Untracked 
|  94|0x0000000085e00000, 0x0000000085e00000, 0x0000000085f00000|  0%| F|  |TAMS 0x0000000085e00000, 0x0000000085e00000| Untracked 
|  95|0x0000000085f00000, 0x0000000085f00000, 0x0000000086000000|  0%| F|  |TAMS 0x0000000085f00000, 0x0000000085f00000| Untracked 
|  96|0x0000000086000000, 0x0000000086000000, 0x0000000086100000|  0%| F|  |TAMS 0x0000000086000000, 0x0000000086000000| Untracked 
|  97|0x0000000086100000, 0x0000000086100000, 0x0000000086200000|  0%| F|  |TAMS 0x0000000086100000, 0x0000000086100000| Untracked 
|  98|0x0000000086200000, 0x0000000086200000, 0x0000000086300000|  0%| F|  |TAMS 0x0000000086200000, 0x0000000086200000| Untracked 
|  99|0x0000000086300000, 0x0000000086300000, 0x0000000086400000|  0%| F|  |TAMS 0x0000000086300000, 0x0000000086300000| Untracked 
| 100|0x0000000086400000, 0x0000000086400000, 0x0000000086500000|  0%| F|  |TAMS 0x0000000086400000, 0x0000000086400000| Untracked 
| 101|0x0000000086500000, 0x0000000086500000, 0x0000000086600000|  0%| F|  |TAMS 0x0000000086500000, 0x0000000086500000| Untracked 
| 102|0x0000000086600000, 0x0000000086600000, 0x0000000086700000|  0%| F|  |TAMS 0x0000000086600000, 0x0000000086600000| Untracked 
| 103|0x0000000086700000, 0x0000000086700000, 0x0000000086800000|  0%| F|  |TAMS 0x0000000086700000, 0x0000000086700000| Untracked 
| 104|0x0000000086800000, 0x0000000086800000, 0x0000000086900000|  0%| F|  |TAMS 0x0000000086800000, 0x0000000086800000| Untracked 
| 105|0x0000000086900000, 0x0000000086900000, 0x0000000086a00000|  0%| F|  |TAMS 0x0000000086900000, 0x0000000086900000| Untracked 
| 106|0x0000000086a00000, 0x0000000086a00000, 0x0000000086b00000|  0%| F|  |TAMS 0x0000000086a00000, 0x0000000086a00000| Untracked 
| 107|0x0000000086b00000, 0x0000000086b00000, 0x0000000086c00000|  0%| F|  |TAMS 0x0000000086b00000, 0x0000000086b00000| Untracked 
| 108|0x0000000086c00000, 0x0000000086c00000, 0x0000000086d00000|  0%| F|  |TAMS 0x0000000086c00000, 0x0000000086c00000| Untracked 
| 109|0x0000000086d00000, 0x0000000086d00000, 0x0000000086e00000|  0%| F|  |TAMS 0x0000000086d00000, 0x0000000086d00000| Untracked 
| 110|0x0000000086e00000, 0x0000000086e00000, 0x0000000086f00000|  0%| F|  |TAMS 0x0000000086e00000, 0x0000000086e00000| Untracked 
| 111|0x0000000086f00000, 0x0000000086f00000, 0x0000000087000000|  0%| F|  |TAMS 0x0000000086f00000, 0x0000000086f00000| Untracked 
| 112|0x0000000087000000, 0x0000000087000000, 0x0000000087100000|  0%| F|  |TAMS 0x0000000087000000, 0x0000000087000000| Untracked 
| 113|0x0000000087100000, 0x0000000087100000, 0x0000000087200000|  0%| F|  |TAMS 0x0000000087100000, 0x0000000087100000| Untracked 
| 114|0x0000000087200000, 0x0000000087200000, 0x0000000087300000|  0%| F|  |TAMS 0x0000000087200000, 0x0000000087200000| Untracked 
| 115|0x0000000087300000, 0x0000000087300000, 0x0000000087400000|  0%| F|  |TAMS 0x0000000087300000, 0x0000000087300000| Untracked 
| 116|0x0000000087400000, 0x0000000087400000, 0x0000000087500000|  0%| F|  |TAMS 0x0000000087400000, 0x0000000087400000| Untracked 
| 117|0x0000000087500000, 0x0000000087500000, 0x0000000087600000|  0%| F|  |TAMS 0x0000000087500000, 0x0000000087500000| Untracked 
| 118|0x0000000087600000, 0x0000000087600000, 0x0000000087700000|  0%| F|  |TAMS 0x0000000087600000, 0x0000000087600000| Untracked 
| 119|0x0000000087700000, 0x0000000087700000, 0x0000000087800000|  0%| F|  |TAMS 0x0000000087700000, 0x0000000087700000| Untracked 
| 120|0x0000000087800000, 0x0000000087800000, 0x0000000087900000|  0%| F|  |TAMS 0x0000000087800000, 0x0000000087800000| Untracked 
| 121|0x0000000087900000, 0x0000000087900000, 0x0000000087a00000|  0%| F|  |TAMS 0x0000000087900000, 0x0000000087900000| Untracked 
| 122|0x0000000087a00000, 0x0000000087a00000, 0x0000000087b00000|  0%| F|  |TAMS 0x0000000087a00000, 0x0000000087a00000| Untracked 
| 123|0x0000000087b00000, 0x0000000087b00000, 0x0000000087c00000|  0%| F|  |TAMS 0x0000000087b00000, 0x0000000087b00000| Untracked 
| 124|0x0000000087c00000, 0x0000000087c00000, 0x0000000087d00000|  0%| F|  |TAMS 0x0000000087c00000, 0x0000000087c00000| Untracked 
| 125|0x0000000087d00000, 0x0000000087d00000, 0x0000000087e00000|  0%| F|  |TAMS 0x0000000087d00000, 0x0000000087d00000| Untracked 
| 126|0x0000000087e00000, 0x0000000087e00000, 0x0000000087f00000|  0%| F|  |TAMS 0x0000000087e00000, 0x0000000087e00000| Untracked 
| 127|0x0000000087f00000, 0x0000000087f00000, 0x0000000088000000|  0%| F|  |TAMS 0x0000000087f00000, 0x0000000087f00000| Untracked 
| 128|0x0000000088000000, 0x0000000088000000, 0x0000000088100000|  0%| F|  |TAMS 0x0000000088000000, 0x0000000088000000| Untracked 
| 129|0x0000000088100000, 0x0000000088100000, 0x0000000088200000|  0%| F|  |TAMS 0x0000000088100000, 0x0000000088100000| Untracked 
| 130|0x0000000088200000, 0x0000000088200000, 0x0000000088300000|  0%| F|  |TAMS 0x0000000088200000, 0x0000000088200000| Untracked 
| 131|0x0000000088300000, 0x0000000088300000, 0x0000000088400000|  0%| F|  |TAMS 0x0000000088300000, 0x0000000088300000| Untracked 
| 132|0x0000000088400000, 0x0000000088400000, 0x0000000088500000|  0%| F|  |TAMS 0x0000000088400000, 0x0000000088400000| Untracked 
| 133|0x0000000088500000, 0x0000000088500000, 0x0000000088600000|  0%| F|  |TAMS 0x0000000088500000, 0x0000000088500000| Untracked 
| 134|0x0000000088600000, 0x0000000088600000, 0x0000000088700000|  0%| F|  |TAMS 0x0000000088600000, 0x0000000088600000| Untracked 
| 135|0x0000000088700000, 0x0000000088700000, 0x0000000088800000|  0%| F|  |TAMS 0x0000000088700000, 0x0000000088700000| Untracked 
| 136|0x0000000088800000, 0x0000000088800000, 0x0000000088900000|  0%| F|  |TAMS 0x0000000088800000, 0x0000000088800000| Untracked 
| 137|0x0000000088900000, 0x0000000088900000, 0x0000000088a00000|  0%| F|  |TAMS 0x0000000088900000, 0x0000000088900000| Untracked 
| 138|0x0000000088a00000, 0x0000000088a00000, 0x0000000088b00000|  0%| F|  |TAMS 0x0000000088a00000, 0x0000000088a00000| Untracked 
| 139|0x0000000088b00000, 0x0000000088b00000, 0x0000000088c00000|  0%| F|  |TAMS 0x0000000088b00000, 0x0000000088b00000| Untracked 
| 140|0x0000000088c00000, 0x0000000088c00000, 0x0000000088d00000|  0%| F|  |TAMS 0x0000000088c00000, 0x0000000088c00000| Untracked 
| 141|0x0000000088d00000, 0x0000000088d00000, 0x0000000088e00000|  0%| F|  |TAMS 0x0000000088d00000, 0x0000000088d00000| Untracked 
| 142|0x0000000088e00000, 0x0000000088e00000, 0x0000000088f00000|  0%| F|  |TAMS 0x0000000088e00000, 0x0000000088e00000| Untracked 
| 143|0x0000000088f00000, 0x0000000088f00000, 0x0000000089000000|  0%| F|  |TAMS 0x0000000088f00000, 0x0000000088f00000| Untracked 
| 144|0x0000000089000000, 0x0000000089000000, 0x0000000089100000|  0%| F|  |TAMS 0x0000000089000000, 0x0000000089000000| Untracked 
| 145|0x0000000089100000, 0x0000000089100000, 0x0000000089200000|  0%| F|  |TAMS 0x0000000089100000, 0x0000000089100000| Untracked 
| 146|0x0000000089200000, 0x0000000089200000, 0x0000000089300000|  0%| F|  |TAMS 0x0000000089200000, 0x0000000089200000| Untracked 
| 147|0x0000000089300000, 0x0000000089300000, 0x0000000089400000|  0%| F|  |TAMS 0x0000000089300000, 0x0000000089300000| Untracked 
| 148|0x0000000089400000, 0x0000000089400000, 0x0000000089500000|  0%| F|  |TAMS 0x0000000089400000, 0x0000000089400000| Untracked 
| 149|0x0000000089500000, 0x0000000089544888, 0x0000000089600000| 26%| E|  |TAMS 0x0000000089500000, 0x0000000089500000| Complete 
| 150|0x0000000089600000, 0x0000000089700000, 0x0000000089700000|100%| E|CS|TAMS 0x0000000089600000, 0x0000000089600000| Complete 
| 151|0x0000000089700000, 0x0000000089800000, 0x0000000089800000|100%| E|CS|TAMS 0x0000000089700000, 0x0000000089700000| Complete 
| 152|0x0000000089800000, 0x0000000089900000, 0x0000000089900000|100%| E|CS|TAMS 0x0000000089800000, 0x0000000089800000| Complete 
| 153|0x0000000089900000, 0x0000000089a00000, 0x0000000089a00000|100%| E|CS|TAMS 0x0000000089900000, 0x0000000089900000| Complete 

Card table byte_map: [0x000001f11ceb0000,0x000001f11d2b0000] _byte_map_base: 0x000001f11cab0000

Marking Bits (Prev, Next): (CMBitMap*) 0x000001f1081a2468, (CMBitMap*) 0x000001f1081a24a0
 Prev Bits: [0x000001f11d6b0000, 0x000001f11f6b0000)
 Next Bits: [0x000001f11f6b0000, 0x000001f1216b0000)

Polling page: 0x000001f107fe0000

Metaspace:

Usage:
  Non-class:     73.21 MB capacity,    71.97 MB ( 98%) used,     1.02 MB (  1%) free+waste,   231.13 KB ( <1%) overhead. 
      Class:     11.40 MB capacity,    10.65 MB ( 93%) used,   670.85 KB (  6%) free+waste,   106.25 KB ( <1%) overhead. 
       Both:     84.62 MB capacity,    82.61 MB ( 98%) used,     1.68 MB (  2%) free+waste,   337.38 KB ( <1%) overhead. 

Virtual space:
  Non-class space:       74.00 MB reserved,      73.33 MB (>99%) committed 
      Class space:        1.00 GB reserved,      11.50 MB (  1%) committed 
             Both:        1.07 GB reserved,      84.83 MB (  8%) committed 

Chunk freelists:
   Non-Class:  0 bytes
       Class:  0 bytes
        Both:  0 bytes

MaxMetaspaceSize: 17179869184.00 GB
CompressedClassSpaceSize: 1.00 GB
Initial GC threshold: 20.80 MB
Current GC threshold: 108.46 MB
CDS: off

CodeHeap 'non-profiled nmethods': size=120064Kb used=5220Kb max_used=5220Kb free=114843Kb
 bounds [0x000001f114f50000, 0x000001f115470000, 0x000001f11c490000]
CodeHeap 'profiled nmethods': size=120000Kb used=19178Kb max_used=19178Kb free=100822Kb
 bounds [0x000001f10da20000, 0x000001f10ece0000, 0x000001f114f50000]
CodeHeap 'non-nmethods': size=5696Kb used=2360Kb max_used=2404Kb free=3335Kb
 bounds [0x000001f10d490000, 0x000001f10d700000, 0x000001f10da20000]
 total_blobs=9576 nmethods=8694 adapters=794
 compilation: enabled
              stopped_count=0, restarted_count=0
 full_count=0

Compilation events (20 events):
Event: 87.087 Thread 0x000001f123cd0000 8675       3       com.google.common.collect.MapMakerInternalMap$WeakKeyDummyValueSegment::self (5 bytes)
Event: 87.087 Thread 0x000001f123cd0000 nmethod 8675 0x000001f10eca8490 code [0x000001f10eca8640, 0x000001f10eca8798]
Event: 87.087 Thread 0x000001f123cd0000 8676       3       com.google.common.collect.MapMakerInternalMap$WeakKeyDummyValueSegment::self (2 bytes)
Event: 87.087 Thread 0x000001f123cd0000 nmethod 8676 0x000001f10eca8890 code [0x000001f10eca8a40, 0x000001f10eca8b38]
Event: 87.109 Thread 0x000001f123cd0000 8677       3       org.gradle.internal.snapshot.VfsRelativePath::hasPrefix (114 bytes)
Event: 87.116 Thread 0x000001f123cd0000 nmethod 8677 0x000001f10eca8c10 code [0x000001f10eca8f60, 0x000001f10ecaa548]
Event: 87.117 Thread 0x000001f123cd0000 8678       3       org.gradle.api.internal.cache.StringInterner::intern (20 bytes)
Event: 87.118 Thread 0x000001f123cd0000 nmethod 8678 0x000001f10ecaae90 code [0x000001f10ecab060, 0x000001f10ecab368]
Event: 87.118 Thread 0x000001f123cd0000 8679       3       com.google.common.collect.Interners$InternerImpl::intern (50 bytes)
Event: 87.123 Thread 0x000001f123cd0000 nmethod 8679 0x000001f10ecab490 code [0x000001f10ecab760, 0x000001f10ecac578]
Event: 87.123 Thread 0x000001f123cd0000 8680       3       java.util.ArrayList::spliterator (12 bytes)
Event: 87.124 Thread 0x000001f123cd0000 nmethod 8680 0x000001f10ecaca90 code [0x000001f10ecacc60, 0x000001f10ecaced8]
Event: 87.124 Thread 0x000001f123cd0000 8681       3       java.util.ArrayList$ArrayListSpliterator::<init> (26 bytes)
Event: 87.125 Thread 0x000001f123cd0000 nmethod 8681 0x000001f10ecad010 code [0x000001f10ecad1c0, 0x000001f10ecad378]
Event: 87.125 Thread 0x000001f123cd0000 8682       3       org.gradle.api.internal.changedetection.state.DefaultFileAccessTimeJournal::setLastAccessTime (15 bytes)
Event: 87.126 Thread 0x000001f123cd0000 nmethod 8682 0x000001f10ecad490 code [0x000001f10ecad660, 0x000001f10ecad858]
Event: 87.126 Thread 0x000001f123cd0000 8683       3       org.gradle.internal.snapshot.ChildMap$Entry::handlePath (135 bytes)
Event: 87.133 Thread 0x000001f123cd0000 nmethod 8683 0x000001f10ecad990 code [0x000001f10ecadd20, 0x000001f10ecaf8d8]
Event: 87.133 Thread 0x000001f123cd0000 8684       3       org.gradle.internal.snapshot.AbstractListChildMap$2::<init> (18 bytes)
Event: 87.134 Thread 0x000001f123cd0000 nmethod 8684 0x000001f10ecb0290 code [0x000001f10ecb0460, 0x000001f10ecb0738]

GC Heap History (20 events):
Event: 28.011 GC heap before
{Heap before GC invocations=8 (full 0):
 garbage-first heap   total 131072K, used 84046K [0x0000000080000000, 0x0000000100000000)
  region size 1024K, 69 young (70656K), 5 survivors (5120K)
 Metaspace       used 35006K, capacity 35749K, committed 35920K, reserved 1081344K
  class space    used 4487K, capacity 4782K, committed 4864K, reserved 1048576K
}
Event: 28.072 GC heap after
{Heap after GC invocations=9 (full 0):
 garbage-first heap   total 131072K, used 23204K [0x0000000080000000, 0x0000000100000000)
  region size 1024K, 6 young (6144K), 6 survivors (6144K)
 Metaspace       used 35006K, capacity 35749K, committed 35920K, reserved 1081344K
  class space    used 4487K, capacity 4782K, committed 4864K, reserved 1048576K
}
Event: 33.632 GC heap before
{Heap before GC invocations=10 (full 0):
 garbage-first heap   total 131072K, used 91812K [0x0000000080000000, 0x0000000100000000)
  region size 1024K, 71 young (72704K), 6 survivors (6144K)
 Metaspace       used 40283K, capacity 41246K, committed 41424K, reserved 1085440K
  class space    used 5079K, capacity 5415K, committed 5504K, reserved 1048576K
}
Event: 33.721 GC heap after
{Heap after GC invocations=11 (full 0):
 garbage-first heap   total 131072K, used 28487K [0x0000000080000000, 0x0000000100000000)
  region size 1024K, 9 young (9216K), 9 survivors (9216K)
 Metaspace       used 40283K, capacity 41246K, committed 41424K, reserved 1085440K
  class space    used 5079K, capacity 5415K, committed 5504K, reserved 1048576K
}
Event: 39.494 GC heap before
{Heap before GC invocations=11 (full 0):
 garbage-first heap   total 131072K, used 92999K [0x0000000080000000, 0x0000000100000000)
  region size 1024K, 72 young (73728K), 9 survivors (9216K)
 Metaspace       used 46093K, capacity 47198K, committed 47312K, reserved 1091584K
  class space    used 5843K, capacity 6260K, committed 6272K, reserved 1048576K
}
Event: 39.556 GC heap after
{Heap after GC invocations=12 (full 0):
 garbage-first heap   total 157696K, used 30490K [0x0000000080000000, 0x0000000100000000)
  region size 1024K, 3 young (3072K), 3 survivors (3072K)
 Metaspace       used 46093K, capacity 47198K, committed 47312K, reserved 1091584K
  class space    used 5843K, capacity 6260K, committed 6272K, reserved 1048576K
}
Event: 50.509 GC heap before
{Heap before GC invocations=12 (full 0):
 garbage-first heap   total 157696K, used 110362K [0x0000000080000000, 0x0000000100000000)
  region size 1024K, 77 young (78848K), 3 survivors (3072K)
 Metaspace       used 50284K, capacity 51561K, committed 51792K, reserved 1093632K
  class space    used 6347K, capacity 6850K, committed 6912K, reserved 1048576K
}
Event: 50.551 GC heap after
{Heap after GC invocations=13 (full 0):
 garbage-first heap   total 157696K, used 43332K [0x0000000080000000, 0x0000000100000000)
  region size 1024K, 10 young (10240K), 10 survivors (10240K)
 Metaspace       used 50284K, capacity 51561K, committed 51792K, reserved 1093632K
  class space    used 6347K, capacity 6850K, committed 6912K, reserved 1048576K
}
Event: 58.160 GC heap before
{Heap before GC invocations=13 (full 0):
 garbage-first heap   total 157696K, used 104772K [0x0000000080000000, 0x0000000100000000)
  region size 1024K, 71 young (72704K), 10 survivors (10240K)
 Metaspace       used 58847K, capacity 60220K, committed 60240K, reserved 1101824K
  class space    used 7370K, capacity 7918K, committed 7936K, reserved 1048576K
}
Event: 58.256 GC heap after
{Heap after GC invocations=14 (full 0):
 garbage-first heap   total 157696K, used 46723K [0x0000000080000000, 0x0000000100000000)
  region size 1024K, 3 young (3072K), 3 survivors (3072K)
 Metaspace       used 58847K, capacity 60220K, committed 60240K, reserved 1101824K
  class space    used 7370K, capacity 7918K, committed 7936K, reserved 1048576K
}
Event: 64.339 GC heap before
{Heap before GC invocations=15 (full 0):
 garbage-first heap   total 157696K, used 121475K [0x0000000080000000, 0x0000000100000000)
  region size 1024K, 70 young (71680K), 3 survivors (3072K)
 Metaspace       used 64769K, capacity 66255K, committed 66384K, reserved 1107968K
  class space    used 8088K, capacity 8641K, committed 8704K, reserved 1048576K
}
Event: 64.401 GC heap after
{Heap after GC invocations=16 (full 0):
 garbage-first heap   total 157696K, used 52442K [0x0000000080000000, 0x0000000100000000)
  region size 1024K, 9 young (9216K), 9 survivors (9216K)
 Metaspace       used 64769K, capacity 66255K, committed 66384K, reserved 1107968K
  class space    used 8088K, capacity 8641K, committed 8704K, reserved 1048576K
}
Event: 67.771 GC heap before
{Heap before GC invocations=17 (full 0):
 garbage-first heap   total 157696K, used 99546K [0x0000000080000000, 0x0000000100000000)
  region size 1024K, 55 young (56320K), 9 survivors (9216K)
 Metaspace       used 66329K, capacity 67910K, committed 68176K, reserved 1107968K
  class space    used 8327K, capacity 8908K, committed 8960K, reserved 1048576K
}
Event: 67.844 GC heap after
{Heap after GC invocations=18 (full 0):
 garbage-first heap   total 157696K, used 55853K [0x0000000080000000, 0x0000000100000000)
  region size 1024K, 4 young (4096K), 4 survivors (4096K)
 Metaspace       used 66329K, capacity 67910K, committed 68176K, reserved 1107968K
  class space    used 8327K, capacity 8908K, committed 8960K, reserved 1048576K
}
Event: 74.441 GC heap before
{Heap before GC invocations=18 (full 0):
 garbage-first heap   total 157696K, used 120365K [0x0000000080000000, 0x0000000100000000)
  region size 1024K, 67 young (68608K), 4 survivors (4096K)
 Metaspace       used 72656K, capacity 74330K, committed 74576K, reserved 1114112K
  class space    used 9307K, capacity 9950K, committed 9984K, reserved 1048576K
}
Event: 74.508 GC heap after
{Heap after GC invocations=19 (full 0):
 garbage-first heap   total 157696K, used 59002K [0x0000000080000000, 0x0000000100000000)
  region size 1024K, 7 young (7168K), 7 survivors (7168K)
 Metaspace       used 72656K, capacity 74330K, committed 74576K, reserved 1114112K
  class space    used 9307K, capacity 9950K, committed 9984K, reserved 1048576K
}
Event: 80.451 GC heap before
{Heap before GC invocations=19 (full 0):
 garbage-first heap   total 157696K, used 123514K [0x0000000080000000, 0x0000000100000000)
  region size 1024K, 70 young (71680K), 7 survivors (7168K)
 Metaspace       used 78223K, capacity 79926K, committed 80080K, reserved 1118208K
  class space    used 10122K, capacity 10764K, committed 10880K, reserved 1048576K
}
Event: 80.523 GC heap after
{Heap after GC invocations=20 (full 0):
 garbage-first heap   total 157696K, used 63136K [0x0000000080000000, 0x0000000100000000)
  region size 1024K, 8 young (8192K), 8 survivors (8192K)
 Metaspace       used 78223K, capacity 79926K, committed 80080K, reserved 1118208K
  class space    used 10122K, capacity 10764K, committed 10880K, reserved 1048576K
}
Event: 86.875 GC heap before
{Heap before GC invocations=20 (full 0):
 garbage-first heap   total 157696K, used 124576K [0x0000000080000000, 0x0000000100000000)
  region size 1024K, 69 young (70656K), 8 survivors (8192K)
 Metaspace       used 84521K, capacity 86623K, committed 86864K, reserved 1124352K
  class space    used 10894K, capacity 11670K, committed 11776K, reserved 1048576K
}
Event: 86.974 GC heap after
{Heap after GC invocations=21 (full 0):
 garbage-first heap   total 157696K, used 68855K [0x0000000080000000, 0x0000000100000000)
  region size 1024K, 9 young (9216K), 9 survivors (9216K)
 Metaspace       used 84521K, capacity 86623K, committed 86864K, reserved 1124352K
  class space    used 10894K, capacity 11670K, committed 11776K, reserved 1048576K
}

Deoptimization events (20 events):
Event: 86.507 Thread 0x000001f128b08000 Uncommon trap: trap_request=0xffffff5c fr.pc=0x000001f11518e75c relative=0x000000000000141c
Event: 86.508 Thread 0x000001f128b08000 Uncommon trap: reason=speculate_null_assert action=make_not_entrant pc=0x000001f11518e75c method=java.lang.invoke.MethodType$ConcurrentWeakInternSet.add(Ljava/lang/Object;)Ljava/lang/Object; @ 47 c2
Event: 86.509 Thread 0x000001f128b08000 DEOPT PACKING pc=0x000001f11518e75c sp=0x000000dc089fd620
Event: 86.509 Thread 0x000001f128b08000 DEOPT UNPACKING pc=0x000001f10d4da1af sp=0x000000dc089fd5d8 mode 2
Event: 86.512 Thread 0x000001f1272ed000 Uncommon trap: trap_request=0xffffff4d fr.pc=0x000001f11528d7b8 relative=0x00000000000010f8
Event: 86.512 Thread 0x000001f1272ed000 Uncommon trap: reason=unstable_if action=reinterpret pc=0x000001f11528d7b8 method=java.util.concurrent.ConcurrentHashMap.putVal(Ljava/lang/Object;Ljava/lang/Object;Z)Ljava/lang/Object; @ 97 c2
Event: 86.513 Thread 0x000001f1272ed000 DEOPT PACKING pc=0x000001f11528d7b8 sp=0x000000dc046f9680
Event: 86.513 Thread 0x000001f1272ed000 DEOPT UNPACKING pc=0x000001f10d4da1af sp=0x000000dc046f9618 mode 2
Event: 86.565 Thread 0x000001f126e51000 Uncommon trap: trap_request=0xffffff7e fr.pc=0x000001f115443ce4 relative=0x0000000000000724
Event: 86.566 Thread 0x000001f126e51000 Uncommon trap: reason=predicate action=maybe_recompile pc=0x000001f115443ce4 method=java.util.TimSort.binarySort([Ljava/lang/Object;IIILjava/util/Comparator;)V @ 34 c2
Event: 86.566 Thread 0x000001f126e51000 DEOPT PACKING pc=0x000001f115443ce4 sp=0x000000dc078fdeb0
Event: 86.566 Thread 0x000001f126e51000 DEOPT UNPACKING pc=0x000001f10d4da1af sp=0x000000dc078fde70 mode 2
Event: 86.860 Thread 0x000001f1272ed000 Uncommon trap: trap_request=0xffffff4d fr.pc=0x000001f11521d460 relative=0x00000000000006e0
Event: 86.860 Thread 0x000001f1272ed000 Uncommon trap: reason=unstable_if action=reinterpret pc=0x000001f11521d460 method=org.gradle.internal.snapshot.VfsRelativePath.hasPrefix(Ljava/lang/String;Lorg/gradle/internal/snapshot/CaseSensitivity;)Z @ 90 c2
Event: 86.860 Thread 0x000001f1272ed000 DEOPT PACKING pc=0x000001f11521d460 sp=0x000000dc046f7460
Event: 86.860 Thread 0x000001f1272ed000 DEOPT UNPACKING pc=0x000001f10d4da1af sp=0x000000dc046f73e8 mode 2
Event: 87.124 Thread 0x000001f1272ed000 Uncommon trap: trap_request=0xffffff4d fr.pc=0x000001f114fb7250 relative=0x0000000000000510
Event: 87.124 Thread 0x000001f1272ed000 Uncommon trap: reason=unstable_if action=reinterpret pc=0x000001f114fb7250 method=java.lang.StringLatin1.compareToCI([B[B)I @ 68 c2
Event: 87.124 Thread 0x000001f1272ed000 DEOPT PACKING pc=0x000001f114fb7250 sp=0x000000dc046f7560
Event: 87.125 Thread 0x000001f1272ed000 DEOPT UNPACKING pc=0x000001f10d4da1af sp=0x000000dc046f7458 mode 2

Classes redefined (0 events):
No events

Internal exceptions (20 events):
Event: 83.676 Thread 0x000001f126426800 Exception <a 'java/lang/NoSuchMethodError'{0x0000000087bb20d8}: 'void java.lang.invoke.DirectMethodHandle$Holder.invokeSpecial(java.lang.Object, java.lang.Object, java.lang.Object, int)'> (0x0000000087bb20d8) thrown at [./src/hotspot/share/interpreter/linkResolver.cpp, line 773]
Event: 83.885 Thread 0x000001f126426800 Exception <a 'sun/nio/fs/WindowsException'{0x00000000879c66c0}> (0x00000000879c66c0) thrown at [./src/hotspot/share/prims/jni.cpp, line 616]
Event: 84.210 Thread 0x000001f12556c800 Exception <a 'java/lang/NoSuchMethodError'{0x000000008744ce40}: <clinit>> (0x000000008744ce40) thrown at [./src/hotspot/share/prims/jni.cpp, line 1366]
Event: 84.213 Thread 0x000001f12556c800 Exception <a 'java/lang/NoSuchMethodError'{0x0000000087457f48}: <clinit>> (0x0000000087457f48) thrown at [./src/hotspot/share/prims/jni.cpp, line 1366]
Event: 84.370 Thread 0x000001f1272ea800 Exception <a 'java/lang/IncompatibleClassChangeError'{0x00000000874c3e18}: Found class java.lang.Object, but interface was expected> (0x00000000874c3e18) thrown at [./src/hotspot/share/interpreter/linkResolver.cpp, line 839]
Event: 84.577 Thread 0x000001f1272ea800 Implicit null exception at 0x000001f1153c9177 to 0x000001f1153c9310
Event: 84.646 Thread 0x000001f1272ea800 Exception <a 'java/lang/IncompatibleClassChangeError'{0x00000000872b4fa8}: Found class java.lang.Object, but interface was expected> (0x00000000872b4fa8) thrown at [./src/hotspot/share/interpreter/linkResolver.cpp, line 839]
Event: 84.767 Thread 0x000001f1272ea800 Exception <a 'java/lang/NoSuchMethodError'{0x00000000870e1130}: 'int java.lang.invoke.DirectMethodHandle$Holder.invokeStaticInit(java.lang.Object, java.lang.Object, java.lang.Object, java.lang.Object, java.lang.Object)'> (0x00000000870e1130) thrown at [./src/hotspot/share/interpreter/linkResolver.cpp, line 773]
Event: 84.846 Thread 0x000001f12556c800 Exception <a 'java/lang/NoSuchMethodError'{0x0000000086e71060}: <clinit>> (0x0000000086e71060) thrown at [./src/hotspot/share/prims/jni.cpp, line 1366]
Event: 84.854 Thread 0x000001f12556c800 Exception <a 'java/lang/NoSuchMethodError'{0x0000000086ea5740}: <clinit>> (0x0000000086ea5740) thrown at [./src/hotspot/share/prims/jni.cpp, line 1366]
Event: 84.854 Thread 0x000001f12556c800 Exception <a 'java/lang/NoSuchMethodError'{0x0000000086ea70a8}: <clinit>> (0x0000000086ea70a8) thrown at [./src/hotspot/share/prims/jni.cpp, line 1366]
Event: 85.038 Thread 0x000001f12556c800 Exception <a 'java/lang/NoSuchMethodError'{0x0000000086b2bf08}: <clinit>> (0x0000000086b2bf08) thrown at [./src/hotspot/share/prims/jni.cpp, line 1366]
Event: 85.063 Thread 0x000001f1272e9800 Exception <a 'java/lang/NoSuchMethodError'{0x0000000086b9d930}: <clinit>> (0x0000000086b9d930) thrown at [./src/hotspot/share/prims/jni.cpp, line 1366]
Event: 85.082 Thread 0x000001f1272e9800 Exception <a 'java/lang/NoSuchMethodError'{0x0000000086bb23f8}: <clinit>> (0x0000000086bb23f8) thrown at [./src/hotspot/share/prims/jni.cpp, line 1366]
Event: 85.128 Thread 0x000001f1272ed000 Exception <a 'java/lang/NoSuchMethodError'{0x0000000086a62580}: 'int java.lang.invoke.DirectMethodHandle$Holder.invokeSpecial(java.lang.Object, java.lang.Object, java.lang.Object, java.lang.Object, java.lang.Object)'> (0x0000000086a62580) thrown at [./src/hotspot/share/interpreter/linkResolver.cpp, line 773]
Event: 85.128 Thread 0x000001f1272e9800 Exception <a 'java/lang/NoSuchMethodError'{0x0000000086a18220}: <clinit>> (0x0000000086a18220) thrown at [./src/hotspot/share/prims/jni.cpp, line 1366]
Event: 86.447 Thread 0x000001f1272ed000 Exception <a 'java/lang/NoSuchMethodError'{0x000000008621aa18}: 'void java.lang.invoke.DirectMethodHandle$Holder.invokeStatic(java.lang.Object, java.lang.Object, java.lang.Object, java.lang.Object, int, java.lang.Object, java.lang.Object)'> (0x000000008621aa18) thrown at [./src/hotspot/share/interpreter/linkResolver.cpp, line 773]
Event: 86.590 Thread 0x000001f126e54000 Exception <a 'java/lang/NoSuchMethodError'{0x0000000085ee6300}: 'java.lang.Object java.lang.invoke.DirectMethodHandle$Holder.invokeSpecialIFC(java.lang.Object, java.lang.Object, java.lang.Object)'> (0x0000000085ee6300) thrown at [./src/hotspot/share/interpreter/linkResolver.cpp, line 773]
Event: 86.590 Thread 0x000001f126e51000 Exception <a 'java/lang/NoSuchMethodError'{0x0000000085ef6538}: 'java.lang.Object java.lang.invoke.DirectMethodHandle$Holder.invokeSpecialIFC(java.lang.Object, java.lang.Object, java.lang.Object)'> (0x0000000085ef6538) thrown at [./src/hotspot/share/interpreter/linkResolver.cpp, line 773]
Event: 86.590 Thread 0x000001f1272ed000 Exception <a 'java/lang/NoSuchMethodError'{0x0000000085ebf3b0}: 'java.lang.Object java.lang.invoke.DirectMethodHandle$Holder.invokeSpecialIFC(java.lang.Object, java.lang.Object, java.lang.Object)'> (0x0000000085ebf3b0) thrown at [./src/hotspot/share/interpreter/linkResolver.cpp, line 773]

Events (20 events):
Event: 86.982 loading class org/gradle/internal/Try
Event: 86.982 loading class org/gradle/internal/Try done
Event: 87.061 Executing VM operation: RevokeBias
Event: 87.063 Executing VM operation: RevokeBias done
Event: 87.132 loading class org/gradle/api/internal/artifacts/transform/TransformationResult$Builder$ProducedOutput
Event: 87.132 loading class org/gradle/api/internal/artifacts/transform/TransformationResult$Builder$ProducedOutput done
Event: 87.134 loading class org/gradle/api/internal/artifacts/transform/TransformationResult$Builder$AlreadyResolvedTransformationResult
Event: 87.134 loading class org/gradle/api/internal/artifacts/transform/TransformationResult$Builder$AlreadyResolvedTransformationResult done
Event: 87.135 loading class com/google/common/collect/ImmutableList$Builder
Event: 87.135 loading class com/google/common/collect/ImmutableList$Builder done
Event: 87.135 loading class org/gradle/api/internal/artifacts/transform/TransformationResult$Builder$TransformationOutput
Event: 87.135 loading class org/gradle/api/internal/artifacts/transform/TransformationResult$Builder$TransformationOutput done
Event: 87.135 loading class com/google/common/collect/ImmutableList$Builder
Event: 87.135 loading class com/google/common/collect/ImmutableList$Builder done
Event: 87.137 loading class org/gradle/internal/snapshot/VfsRelativePath
Event: 87.137 loading class org/gradle/internal/snapshot/VfsRelativePath done
Event: 87.138 loading class org/gradle/internal/snapshot/MetadataSnapshot
Event: 87.138 loading class org/gradle/internal/snapshot/MetadataSnapshot done
Event: 87.138 loading class org/gradle/internal/snapshot/VfsRelativePath
Event: 87.138 loading class org/gradle/internal/snapshot/VfsRelativePath done


Dynamic libraries:
0x00007ff791920000 - 0x00007ff79192a000 	C:\Program Files\Android\Android Studio\jre\bin\java.exe
0x00007ff9fb5b0000 - 0x00007ff9fb7a8000 	C:\WINDOWS\SYSTEM32\ntdll.dll
0x00007ff9fa000000 - 0x00007ff9fa0bd000 	C:\WINDOWS\System32\KERNEL32.DLL
0x00007ff9f9340000 - 0x00007ff9f960e000 	C:\WINDOWS\System32\KERNELBASE.dll
0x00007ff9f9190000 - 0x00007ff9f9290000 	C:\WINDOWS\System32\ucrtbase.dll
0x00007ff9f0960000 - 0x00007ff9f0977000 	C:\Program Files\Android\Android Studio\jre\bin\VCRUNTIME140.dll
0x00007ff9f0940000 - 0x00007ff9f0959000 	C:\Program Files\Android\Android Studio\jre\bin\jli.dll
0x00007ff9fab50000 - 0x00007ff9facf0000 	C:\WINDOWS\System32\USER32.dll
0x00007ff9f8ea0000 - 0x00007ff9f8ec2000 	C:\WINDOWS\System32\win32u.dll
0x00007ff9f9610000 - 0x00007ff9f963a000 	C:\WINDOWS\System32\GDI32.dll
0x00007ff9f8d40000 - 0x00007ff9f8e4b000 	C:\WINDOWS\System32\gdi32full.dll
0x00007ff9ef430000 - 0x00007ff9ef6ca000 	C:\WINDOWS\WinSxS\amd64_microsoft.windows.common-controls_6595b64144ccf1df_6.0.19041.1110_none_60b5254171f9507e\COMCTL32.dll
0x00007ff9f90c0000 - 0x00007ff9f915d000 	C:\WINDOWS\System32\msvcp_win.dll
0x00007ff9faaa0000 - 0x00007ff9fab3e000 	C:\WINDOWS\System32\msvcrt.dll
0x00007ff9faec0000 - 0x00007ff9faef0000 	C:\WINDOWS\System32\IMM32.DLL
0x00007ff9f08a0000 - 0x00007ff9f093d000 	C:\Program Files\Android\Android Studio\jre\bin\msvcp140.dll
0x00007ff9b8e50000 - 0x00007ff9b9952000 	C:\Program Files\Android\Android Studio\jre\bin\server\jvm.dll
0x00007ff9f9f50000 - 0x00007ff9f9ffe000 	C:\WINDOWS\System32\ADVAPI32.dll
0x00007ff9facf0000 - 0x00007ff9fad8c000 	C:\WINDOWS\System32\sechost.dll
0x00007ff9fa890000 - 0x00007ff9fa9b5000 	C:\WINDOWS\System32\RPCRT4.dll
0x00007ff9f96a0000 - 0x00007ff9f96a8000 	C:\WINDOWS\System32\PSAPI.DLL
0x00007ff9f64d0000 - 0x00007ff9f64f7000 	C:\WINDOWS\SYSTEM32\WINMM.dll
0x00007ff9eedc0000 - 0x00007ff9eedc9000 	C:\WINDOWS\SYSTEM32\WSOCK32.dll
0x00007ff9f1010000 - 0x00007ff9f101a000 	C:\WINDOWS\SYSTEM32\VERSION.dll
0x00007ff9fa310000 - 0x00007ff9fa37b000 	C:\WINDOWS\System32\WS2_32.dll
0x00007ff9f6bc0000 - 0x00007ff9f6bd2000 	C:\WINDOWS\SYSTEM32\kernel.appcore.dll
0x00007ff9d3f30000 - 0x00007ff9d3f41000 	C:\Program Files\Android\Android Studio\jre\bin\verify.dll
0x00007ff9e8dc0000 - 0x00007ff9e8fa4000 	C:\WINDOWS\SYSTEM32\DBGHELP.DLL
0x00007ff9e8590000 - 0x00007ff9e85bc000 	C:\WINDOWS\SYSTEM32\dbgcore.DLL
0x00007ff9f9030000 - 0x00007ff9f90b2000 	C:\WINDOWS\System32\bcryptPrimitives.dll
0x00007ff9d3820000 - 0x00007ff9d3849000 	C:\Program Files\Android\Android Studio\jre\bin\java.dll
0x00007ff9eedb0000 - 0x00007ff9eedbb000 	C:\Program Files\Android\Android Studio\jre\bin\jimage.dll
0x00007ff9d3770000 - 0x00007ff9d3788000 	C:\Program Files\Android\Android Studio\jre\bin\zip.dll
0x00007ff9f96b0000 - 0x00007ff9f9df3000 	C:\WINDOWS\System32\SHELL32.dll
0x00007ff9f6dc0000 - 0x00007ff9f7555000 	C:\WINDOWS\SYSTEM32\windows.storage.dll
0x00007ff9fa530000 - 0x00007ff9fa884000 	C:\WINDOWS\System32\combase.dll
0x00007ff9f8730000 - 0x00007ff9f8760000 	C:\WINDOWS\SYSTEM32\Wldp.dll
0x00007ff9fa200000 - 0x00007ff9fa2ad000 	C:\WINDOWS\System32\SHCORE.dll
0x00007ff9f9640000 - 0x00007ff9f9695000 	C:\WINDOWS\System32\shlwapi.dll
0x00007ff9f8c10000 - 0x00007ff9f8c2f000 	C:\WINDOWS\SYSTEM32\profapi.dll
0x00007ff9d3750000 - 0x00007ff9d376a000 	C:\Program Files\Android\Android Studio\jre\bin\net.dll
0x00007ff9f1fb0000 - 0x00007ff9f20ba000 	C:\WINDOWS\SYSTEM32\WINHTTP.dll
0x00007ff9f8490000 - 0x00007ff9f84fa000 	C:\WINDOWS\system32\mswsock.dll
0x00007ff9d3730000 - 0x00007ff9d3744000 	C:\Program Files\Android\Android Studio\jre\bin\nio.dll
0x00007ff9d6f20000 - 0x00007ff9d6f47000 	C:\Users\Naveen Patidar\.gradle\native\e1d6ef7f7dcc3fd88c89a11ec53ec762bb8ba0a96d01ffa2cd45eb1d1d8dd5c5\windows-amd64\native-platform.dll
0x00007ff9b1010000 - 0x00007ff9b1154000 	C:\Users\Naveen Patidar\.gradle\native\0d407fdbe67a94daf76414ababcb853783967236a71b16ec16e742cd7a986fd3\windows-amd64\native-platform-file-events.dll
0x00007ff9e1990000 - 0x00007ff9e199a000 	C:\Program Files\Android\Android Studio\jre\bin\management.dll
0x00007ff9e13d0000 - 0x00007ff9e13dd000 	C:\Program Files\Android\Android Studio\jre\bin\management_ext.dll
0x00007ff9f8680000 - 0x00007ff9f8698000 	C:\WINDOWS\SYSTEM32\CRYPTSP.dll
0x00007ff9f7da0000 - 0x00007ff9f7dd4000 	C:\WINDOWS\system32\rsaenh.dll
0x00007ff9f9160000 - 0x00007ff9f9187000 	C:\WINDOWS\System32\bcrypt.dll
0x00007ff9f8bd0000 - 0x00007ff9f8bfe000 	C:\WINDOWS\SYSTEM32\USERENV.dll
0x00007ff9f86a0000 - 0x00007ff9f86ac000 	C:\WINDOWS\SYSTEM32\CRYPTBASE.dll
0x00007ff9f8130000 - 0x00007ff9f816b000 	C:\WINDOWS\SYSTEM32\IPHLPAPI.DLL
0x00007ff9fa190000 - 0x00007ff9fa198000 	C:\WINDOWS\System32\NSI.dll
0x00007ff9f1320000 - 0x00007ff9f1337000 	C:\WINDOWS\SYSTEM32\dhcpcsvc6.DLL
0x00007ff9f1780000 - 0x00007ff9f179d000 	C:\WINDOWS\SYSTEM32\dhcpcsvc.DLL
0x00007ff9f8180000 - 0x00007ff9f824a000 	C:\WINDOWS\SYSTEM32\DNSAPI.dll

dbghelp: loaded successfully - version: 4.0.5 - missing functions: none
symbol engine: initialized successfully - sym options: 0x614 - pdb path: .;C:\Program Files\Android\Android Studio\jre\bin;C:\WINDOWS\SYSTEM32;C:\WINDOWS\WinSxS\amd64_microsoft.windows.common-controls_6595b64144ccf1df_6.0.19041.1110_none_60b5254171f9507e;C:\Program Files\Android\Android Studio\jre\bin\server;C:\Users\Naveen Patidar\.gradle\native\e1d6ef7f7dcc3fd88c89a11ec53ec762bb8ba0a96d01ffa2cd45eb1d1d8dd5c5\windows-amd64;C:\Users\Naveen Patidar\.gradle\native\0d407fdbe67a94daf76414ababcb853783967236a71b16ec16e742cd7a986fd3\windows-amd64

VM Arguments:
jvm_args: --add-opens=java.base/java.util=ALL-UNNAMED --add-opens=java.base/java.lang=ALL-UNNAMED --add-opens=java.base/java.lang.invoke=ALL-UNNAMED --add-opens=java.base/java.util=ALL-UNNAMED --add-opens=java.prefs/java.util.prefs=ALL-UNNAMED --add-opens=java.prefs/java.util.prefs=ALL-UNNAMED --add-opens=java.base/java.nio.charset=ALL-UNNAMED --add-opens=java.base/java.net=ALL-UNNAMED --add-opens=java.base/java.util.concurrent.atomic=ALL-UNNAMED -Xmx2048m -Dfile.encoding=UTF-8 -Duser.country=US -Duser.language=en -Duser.variant 
java_command: org.gradle.launcher.daemon.bootstrap.GradleDaemon 7.4
java_class_path (initial): C:\Users\Naveen Patidar\.gradle\wrapper\dists\gradle-7.4-bin\c0gwcg53nkjbqw7r0h0umtfvt\gradle-7.4\lib\gradle-launcher-7.4.jar
Launcher Type: SUN_STANDARD

[Global flags]
     intx CICompilerCount                          = 3                                         {product} {ergonomic}
     uint ConcGCThreads                            = 1                                         {product} {ergonomic}
     uint G1ConcRefinementThreads                  = 4                                         {product} {ergonomic}
   size_t G1HeapRegionSize                         = 1048576                                   {product} {ergonomic}
    uintx GCDrainStackTargetSize                   = 64                                        {product} {ergonomic}
   size_t InitialHeapSize                          = 134217728                                 {product} {ergonomic}
   size_t MarkStackSize                            = 4194304                                   {product} {ergonomic}
   size_t MaxHeapSize                              = 2147483648                                {product} {command line}
   size_t MaxNewSize                               = 1287651328                                {product} {ergonomic}
   size_t MinHeapDeltaBytes                        = 1048576                                   {product} {ergonomic}
    uintx NonNMethodCodeHeapSize                   = 5830732                                {pd product} {ergonomic}
    uintx NonProfiledCodeHeapSize                  = 122913754                              {pd product} {ergonomic}
    uintx ProfiledCodeHeapSize                     = 122913754                              {pd product} {ergonomic}
    uintx ReservedCodeCacheSize                    = 251658240                              {pd product} {ergonomic}
     bool SegmentedCodeCache                       = true                                      {product} {ergonomic}
     bool UseCompressedClassPointers               = true                                 {lp64_product} {ergonomic}
     bool UseCompressedOops                        = true                                 {lp64_product} {ergonomic}
     bool UseG1GC                                  = true                                      {product} {ergonomic}
     bool UseLargePagesIndividualAllocation        = false                                  {pd product} {ergonomic}

Logging:
Log output configuration:
 #0: stdout all=warning uptime,level,tags
 #1: stderr all=off uptime,level,tags

Environment Variables:
JAVA_HOME=C:\Program Files\Java\jdk-16.0.2
CLASSPATH=.;
PATH=C:\Program Files\Common Files\Oracle\Java\javapath;C:\Python27\;C:\Python27\Scripts;C:\ProgramData\Oracle\Java\javapath;C:\Windows\system32;C:\Windows;C:\Windows\System32\Wbem;C:\Windows\System32\WindowsPowerShell\v1.0\;E:\Apache Maven\apache-maven-3.3.3\bin;C:\Program Files\R\R-3.3.1\bin\x64;C:\WINDOWS\system32;C:\WINDOWS;C:\WINDOWS\System32\Wbem;C:\WINDOWS\System32\WindowsPowerShell\v1.0\;F:\hadoop-2.7.1\hadoop-2.7.1\bin;C:\Program Files\Git\bin;%ANT_HOME%\bin;C:\Users\Naveen Patidar\AppData\Roaming\npm\node_modules\cordova\bin;C:\ProgramData\chocolatey\bin;C:\Program Files\PuTTY\;C:\WINDOWS\System32\OpenSSH\;C:\Program Files\nodejs\;C:\Python27;C:\Program Files\TortoiseGit\bin;C:\Program Files\Amazon\AWSCLI\bin\;C:\Program Files\ISC BIND 9\bin\;F:\projects\Software\apache-maven-3.6.1\bin;C:\Program Files\Java\jdk-16.0.2\bin;C:\Program Files\MySQL\MySQL Server 8.0\bin;C:\MinGW\bin;C:\Program Files\PowerShell\7\;C:\Program Files\MySQL\MySQL Shell 8.0\bin\;C:\Users\Naveen Patidar\AppData\Local\Programs\Python\Python37\Scripts\;C:\Users\Naveen Patidar\AppData\Local\Programs\Python\Python37\;C:\Program Files (x86)\WinAnt\bin;C:\Users\Naveen Patidar\AppData\Local\Microsoft\WindowsApps;C:\Users\Naveen Patidar\AppData\Roaming\npm;C:\Python27;C:\Python27\Scripts;C:\Program Files\JetBrains\PyCharm Community Edition 2022.1\bin;;C:\Users\Naveen Patidar\AppData\Local\Programs\Microsoft VS Code\bin;C:\Program Files\MySQL\MySQL Server 8.0\bin;C:\MinGW\bin;
USERNAME=Naveen Patidar
OS=Windows_NT
PROCESSOR_IDENTIFIER=Intel64 Family 6 Model 42 Stepping 7, GenuineIntel



---------------  S Y S T E M  ---------------

OS: Windows 10 , 64 bit Build 19041 (10.0.19041.1889)
OS uptime: 0 days 0:39 hours

CPU:total 4 (initial active 4) (2 cores per cpu, 2 threads per core) family 6 model 42 stepping 7 microcode 0x2f, cmov, cx8, fxsr, mmx, sse, sse2, sse3, ssse3, sse4.1, sse4.2, popcnt, avx, aes, clmul, ht, tsc, tscinvbit

Memory: 4k page, system-wide physical 8098M (3662M free)
TotalPageFile size 9378M (AvailPageFile size 4940M)
current process WorkingSet (physical memory assigned to process): 367M, peak: 392M
current process commit charge ("private bytes"): 401M, peak: 424M

vm_info: OpenJDK 64-Bit Server VM (11.0.13+0-b1751.21-8125866) for windows-amd64 JRE (11.0.13+0-b1751.21-8125866), built on Feb  2 2022 03:00:22 by "builder" with MS VC++ 14.0 (VS2015)

END.
